#
# A fatal error has been detected by the Java Runtime Environment:
#
#  EXCEPTION_UNCAUGHT_CXX_EXCEPTION (0xe06d7363) at pc=0x000007fefe169e5d, pid=10132, tid=6184
#
# JRE version: Java(TM) SE Runtime Environment (8.0_25-b18) (build 1.8.0_25-b18)
# Java VM: Java HotSpot(TM) 64-Bit Server VM (25.25-b02 mixed mode windows-amd64 compressed oops)
# Problematic frame:
# C  [KERNELBASE.dll+0x9e5d]
#
# Failed to write core dump. Minidumps are not enabled by default on client versions of Windows
#
# If you would like to submit a bug report, please visit:
#   http://bugreport.sun.com/bugreport/crash.jsp
# The crash happened outside the Java Virtual Machine in native code.
# See problematic frame for where to report the bug.
#

---------------  T H R E A D  ---------------

Current thread (0x000000005abb1800):  JavaThread "AWT-EventQueue-0" [_thread_in_native, id=6184, stack(0x000000005b880000,0x000000005b980000)]

siginfo: ExceptionCode=0xe06d7363, ExceptionInformation=0x0000000019930520 0x000000005b97b3d0 0x000007fee1d4fb38 0x000007fee1aa0000 

Registers:
RAX=0x000000008028313f, RBX=0x000000005b97c4a0, RCX=0x000000005b97ac20, RDX=0x00000000000000d0
RSP=0x000000005b97b230, RBP=0x000000005b97b360, RSI=0x000007fee1d4fb38, RDI=0x0000000000000065
R8 =0x0000000000000000, R9 =0x0000000000000000, R10=0x000007fee1aa0000, R11=0x000000005b97b270
R12=0x00000000ffffff29, R13=0x0000000000000000, R14=0x000000005b97b3d0, R15=0x000000005b97c580
RIP=0x000007fefe169e5d, EFLAGS=0x0000000000000206

Top of Stack: (sp=0x000000005b97b230)
0x000000005b97b230:   000000005b97c4a0 000007fee1d4fb38
0x000000005b97b240:   0000000000000065 0000000000000000
0x000000005b97b250:   00000001e06d7363 0000000000000000
0x000000005b97b260:   000007fefe169e5d 000007fe00000004
0x000000005b97b270:   0000000019930520 000000005b97b3d0
0x000000005b97b280:   000007fee1d4fb38 000007fee1aa0000
0x000000005b97b290:   0000000000000002 000000005b97b318
0x000000005b97b2a0:   00000000000000c4 0000000000000080
0x000000005b97b2b0:   000000005d668560 000007feea4fa411
0x000000005b97b2c0:   000000005b97c580 000007fee2bbf680
0x000000005b97b2d0:   000000005b97b3d0 0000000000000000
0x000000005b97b2e0:   00000000ffffff29 0000000000000065
0x000000005b97b2f0:   000007fee1d4fb38 000007fef93b44f2
0x000000005b97b300:   000000005b97c4a0 000000005b97b380
0x000000005b97b310:   000007fe00000001 000007fee1aa0118
0x000000005b97b320:   00000001e06d7363 0000000000000000 

Instructions: (pc=0x000007fefe169e5d)
0x000007fefe169e3d:   54 24 24 48 89 4c 24 28 4d 85 c9 0f 85 3a 0a 00
0x000007fefe169e4d:   00 89 4c 24 38 48 8d 4c 24 20 ff 15 43 14 04 00
0x000007fefe169e5d:   48 81 c4 c8 00 00 00 c3 90 90 90 90 90 90 90 90
0x000007fefe169e6d:   90 90 90 48 89 5c 24 08 57 48 83 ec 20 48 8b d9 


Register to memory mapping:

RAX=0x000000008028313f is an unknown value
RBX=0x000000005b97c4a0 is pointing into the stack for thread: 0x000000005abb1800
RCX=0x000000005b97ac20 is pointing into the stack for thread: 0x000000005abb1800
RDX=0x00000000000000d0 is an unknown value
RSP=0x000000005b97b230 is pointing into the stack for thread: 0x000000005abb1800
RBP=0x000000005b97b360 is pointing into the stack for thread: 0x000000005abb1800
RSI=0x000007fee1d4fb38 is an unknown value
RDI=0x0000000000000065 is an unknown value
R8 =0x0000000000000000 is an unknown value
R9 =0x0000000000000000 is an unknown value
R10=0x000007fee1aa0000 is an unknown value
R11=0x000000005b97b270 is pointing into the stack for thread: 0x000000005abb1800
R12=0x00000000ffffff29 is an unallocated location in the heap
R13=0x0000000000000000 is an unknown value
R14=0x000000005b97b3d0 is pointing into the stack for thread: 0x000000005abb1800
R15=0x000000005b97c580 is pointing into the stack for thread: 0x000000005abb1800


Stack: [0x000000005b880000,0x000000005b980000],  sp=0x000000005b97b230,  free space=1004k
Native frames: (J=compiled Java code, j=interpreted, Vv=VM code, C=native code)
C  [KERNELBASE.dll+0x9e5d]
C  [VCRUNTIME140.dll+0x44f2]
C  0x000007fee1c550fa
C  0x000007fee1c5524a
C  0x000007fee29d1e39
C  0x000007fee98361dd
C  0x0000000002825b54

Java frames: (J=compiled Java code, j=interpreted, Vv=VM code)
j  org.bytedeco.javacpp.opencv_imgproc.cvCvtColor(Lorg/bytedeco/javacpp/helper/opencv_core$CvArr;Lorg/bytedeco/javacpp/helper/opencv_core$CvArr;I)V+0
j  tarea3.MainInterface.EscalaDeGrisesActionPerformed(Ljava/awt/event/ActionEvent;)V+20
j  tarea3.MainInterface.access$200(Ltarea3/MainInterface;Ljava/awt/event/ActionEvent;)V+2
j  tarea3.MainInterface$3.actionPerformed(Ljava/awt/event/ActionEvent;)V+5
j  javax.swing.AbstractButton.fireActionPerformed(Ljava/awt/event/ActionEvent;)V+83
j  javax.swing.AbstractButton$Handler.actionPerformed(Ljava/awt/event/ActionEvent;)V+5
j  javax.swing.DefaultButtonModel.fireActionPerformed(Ljava/awt/event/ActionEvent;)V+34
j  javax.swing.DefaultButtonModel.setPressed(Z)V+117
j  javax.swing.AbstractButton.doClick(I)V+64
j  javax.swing.plaf.basic.BasicMenuItemUI.doClick(Ljavax/swing/MenuSelectionManager;)V+53
j  javax.swing.plaf.basic.BasicMenuItemUI$Handler.mouseReleased(Ljava/awt/event/MouseEvent;)V+76
j  java.awt.Component.processMouseEvent(Ljava/awt/event/MouseEvent;)V+64
j  javax.swing.JComponent.processMouseEvent(Ljava/awt/event/MouseEvent;)V+23
J 1861 C1 java.awt.Component.processEvent(Ljava/awt/AWTEvent;)V (220 bytes) @ 0x0000000002dd9ea4 [0x0000000002dd99a0+0x504]
J 1780 C1 java.awt.Container.processEvent(Ljava/awt/AWTEvent;)V (22 bytes) @ 0x0000000002d64ff4 [0x0000000002d64ce0+0x314]
J 1497 C1 java.awt.Component.dispatchEventImpl(Ljava/awt/AWTEvent;)V (883 bytes) @ 0x0000000002c90404 [0x0000000002c8b0e0+0x5324]
J 1093 C1 java.awt.Container.dispatchEventImpl(Ljava/awt/AWTEvent;)V (129 bytes) @ 0x0000000002b87304 [0x0000000002b871c0+0x144]
J 1855 C1 java.awt.LightweightDispatcher.retargetMouseEvent(Ljava/awt/Component;ILjava/awt/event/MouseEvent;)V (350 bytes) @ 0x0000000002dd84b4 [0x0000000002dd6040+0x2474]
J 1881 C1 java.awt.LightweightDispatcher.processMouseEvent(Ljava/awt/event/MouseEvent;)Z (301 bytes) @ 0x0000000002de7984 [0x0000000002de66e0+0x12a4]
J 1742 C1 java.awt.LightweightDispatcher.dispatchEvent(Ljava/awt/AWTEvent;)Z (73 bytes) @ 0x0000000002d4c9e4 [0x0000000002d4c5c0+0x424]
J 1093 C1 java.awt.Container.dispatchEventImpl(Ljava/awt/AWTEvent;)V (129 bytes) @ 0x0000000002b872a4 [0x0000000002b871c0+0xe4]
J 1679 C1 java.awt.Window.dispatchEventImpl(Ljava/awt/AWTEvent;)V (23 bytes) @ 0x0000000002d175bc [0x0000000002d17000+0x5bc]
J 1379 C1 java.awt.EventQueue.dispatchEventImpl(Ljava/awt/AWTEvent;Ljava/lang/Object;)V (149 bytes) @ 0x0000000002c41b1c [0x0000000002c40500+0x161c]
J 1377 C1 java.awt.EventQueue$3.run()Ljava/lang/Void; (60 bytes) @ 0x0000000002c3cfc4 [0x0000000002c3cdc0+0x204]
J 1376 C1 java.awt.EventQueue$3.run()Ljava/lang/Object; (5 bytes) @ 0x0000000002c3d68c [0x0000000002c3d600+0x8c]
v  ~StubRoutines::call_stub
J 1027  java.security.AccessController.doPrivileged(Ljava/security/PrivilegedAction;Ljava/security/AccessControlContext;)Ljava/lang/Object; (0 bytes) @ 0x0000000002b60de6 [0x0000000002b60d80+0x66]
J 1029 C1 java.security.ProtectionDomain$1.doIntersectionPrivilege(Ljava/security/PrivilegedAction;Ljava/security/AccessControlContext;Ljava/security/AccessControlContext;)Ljava/lang/Object; (32 bytes) @ 0x0000000002b61f0c [0x0000000002b61c20+0x2ec]
J 1513 C1 java.awt.EventQueue$4.run()Ljava/lang/Object; (5 bytes) @ 0x0000000002ca308c [0x0000000002ca2ca0+0x3ec]
v  ~StubRoutines::call_stub
J 1027  java.security.AccessController.doPrivileged(Ljava/security/PrivilegedAction;Ljava/security/AccessControlContext;)Ljava/lang/Object; (0 bytes) @ 0x0000000002b60de6 [0x0000000002b60d80+0x66]
J 1063 C1 java.awt.EventQueue.dispatchEvent(Ljava/awt/AWTEvent;)V (80 bytes) @ 0x0000000002b73284 [0x0000000002b72600+0xc84]
J 1078 C1 java.awt.EventDispatchThread.pumpOneEventForFilters(I)V (295 bytes) @ 0x0000000002b7e934 [0x0000000002b7cd00+0x1c34]
j  java.awt.EventDispatchThread.pumpEventsForFilter(ILjava/awt/Conditional;Ljava/awt/EventFilter;)V+35
j  java.awt.EventDispatchThread.pumpEventsForHierarchy(ILjava/awt/Conditional;Ljava/awt/Component;)V+11
j  java.awt.EventDispatchThread.pumpEvents(ILjava/awt/Conditional;)V+4
j  java.awt.EventDispatchThread.pumpEvents(Ljava/awt/Conditional;)V+3
j  java.awt.EventDispatchThread.run()V+9
v  ~StubRoutines::call_stub

---------------  P R O C E S S  ---------------

Java Threads: ( => current thread )
  0x0000000062a87000 JavaThread "JavaCPP Deallocator" daemon [_thread_blocked, id=10756, stack(0x00000000615a0000,0x00000000616a0000)]
  0x000000005afe9800 JavaThread "TimerQueue" daemon [_thread_blocked, id=5720, stack(0x00000000613c0000,0x00000000614c0000)]
  0x000000005af52800 JavaThread "D3D Screen Updater" daemon [_thread_blocked, id=8224, stack(0x0000000060f40000,0x0000000061040000)]
  0x000000005af23800 JavaThread "Swing-Shell" daemon [_thread_blocked, id=1260, stack(0x000000005f240000,0x000000005f340000)]
  0x000000000220e000 JavaThread "DestroyJavaVM" [_thread_blocked, id=8268, stack(0x0000000002440000,0x0000000002540000)]
=>0x000000005abb1800 JavaThread "AWT-EventQueue-0" [_thread_in_native, id=6184, stack(0x000000005b880000,0x000000005b980000)]
  0x000000005ab59000 JavaThread "AWT-Windows" daemon [_thread_in_native, id=8016, stack(0x000000005b700000,0x000000005b800000)]
  0x0000000058e7d000 JavaThread "AWT-Shutdown" [_thread_blocked, id=9944, stack(0x000000005b2d0000,0x000000005b3d0000)]
  0x0000000058e7c800 JavaThread "Java2D Disposer" daemon [_thread_blocked, id=5552, stack(0x000000005b470000,0x000000005b570000)]
  0x0000000058bb7000 JavaThread "Service Thread" daemon [_thread_blocked, id=10020, stack(0x000000005a7f0000,0x000000005a8f0000)]
  0x0000000058b43800 JavaThread "C1 CompilerThread3" daemon [_thread_blocked, id=5780, stack(0x0000000059c10000,0x0000000059d10000)]
  0x0000000058b41000 JavaThread "C2 CompilerThread2" daemon [_thread_blocked, id=3672, stack(0x000000005a600000,0x000000005a700000)]
  0x0000000057a89000 JavaThread "C2 CompilerThread1" daemon [_thread_blocked, id=9656, stack(0x000000005a490000,0x000000005a590000)]
  0x0000000058b39800 JavaThread "C2 CompilerThread0" daemon [_thread_blocked, id=4132, stack(0x000000005a370000,0x000000005a470000)]
  0x0000000058b35800 JavaThread "Attach Listener" daemon [_thread_blocked, id=3584, stack(0x000000005a220000,0x000000005a320000)]
  0x0000000058b34800 JavaThread "Signal Dispatcher" daemon [_thread_blocked, id=5068, stack(0x000000005a0d0000,0x000000005a1d0000)]
  0x0000000057a7b800 JavaThread "Finalizer" daemon [_thread_blocked, id=4984, stack(0x0000000059f10000,0x000000005a010000)]
  0x0000000057a73800 JavaThread "Reference Handler" daemon [_thread_blocked, id=6008, stack(0x0000000059d50000,0x0000000059e50000)]

Other Threads:
  0x0000000058ae0800 VMThread [stack: 0x0000000059ab0000,0x0000000059bb0000] [id=4972]
  0x0000000058bc0000 WatcherThread [stack: 0x000000005a9c0000,0x000000005aac0000] [id=832]

VM state:not at safepoint (normal execution)

VM Mutex/Monitor currently owned by a thread: None

Heap:
 PSYoungGen      total 38400K, used 13322K [0x00000000d5780000, 0x00000000d8200000, 0x0000000100000000)
  eden space 33280K, 24% used [0x00000000d5780000,0x00000000d5f88ae0,0x00000000d7800000)
  from space 5120K, 99% used [0x00000000d7d00000,0x00000000d81f9f70,0x00000000d8200000)
  to   space 5120K, 0% used [0x00000000d7800000,0x00000000d7800000,0x00000000d7d00000)
 ParOldGen       total 87552K, used 144K [0x0000000080600000, 0x0000000085b80000, 0x00000000d5780000)
  object space 87552K, 0% used [0x0000000080600000,0x0000000080624000,0x0000000085b80000)
 Metaspace       used 19051K, capacity 19208K, committed 19584K, reserved 1067008K
  class space    used 2310K, capacity 2378K, committed 2432K, reserved 1048576K

Card table byte_map: [0x0000000011bd0000,0x0000000011fd0000] byte_map_base: 0x00000000117cd000

Marking Bits: (ParMarkBitMap*) 0x000000005f15d490
 Begin Bits: [0x0000000012cc0000, 0x0000000014ca8000)
 End Bits:   [0x0000000014ca8000, 0x0000000016c90000)

Polling page: 0x0000000000230000

CodeCache: size=245760Kb used=8847Kb max_used=8868Kb free=236912Kb
 bounds [0x0000000002810000, 0x00000000030d0000, 0x0000000011810000]
 total_blobs=3309 nmethods=2656 adapters=564
 compilation: enabled

Compilation events (10 events):
Event: 26.700 Thread 0x0000000058b43800 nmethod 2653 0x00000000030ab050 code [0x00000000030ab1e0, 0x00000000030ab608]
Event: 26.700 Thread 0x0000000057a89000 2654       4       java.net.URLStreamHandler::setURL (40 bytes)
Event: 26.700 Thread 0x0000000058b39800 2655       4       java.io.WinNTFileSystem::resolve (231 bytes)
Event: 26.701 Thread 0x0000000057a89000 nmethod 2654 0x00000000030ae710 code [0x00000000030ae860, 0x00000000030aeb58]
Event: 26.701 Thread 0x0000000058b43800 2656       3       sun.nio.fs.NativeBuffer::setOwner (6 bytes)
Event: 26.701 Thread 0x0000000058b43800 nmethod 2656 0x00000000030ae3d0 code [0x00000000030ae520, 0x00000000030ae690]
Event: 26.701 Thread 0x0000000058b43800 2657       3       sun.nio.fs.WindowsPathParser::parse (384 bytes)
Event: 26.703 Thread 0x0000000058b43800 nmethod 2657 0x00000000030aed10 code [0x00000000030af260, 0x00000000030b2b38]
Event: 26.707 Thread 0x0000000058b39800 nmethod 2655 0x00000000030aba90 code [0x00000000030abc60, 0x00000000030ac620]
Event: 26.736 Thread 0x0000000058b41000 nmethod 2629 0x00000000030baa50 code [0x00000000030bad80, 0x00000000030bd4b8]

GC Heap History (4 events):
Event: 21.523 GC heap before
{Heap before GC invocations=1 (full 0):
 PSYoungGen      total 38400K, used 33280K [0x00000000d5780000, 0x00000000d8200000, 0x0000000100000000)
  eden space 33280K, 100% used [0x00000000d5780000,0x00000000d7800000,0x00000000d7800000)
  from space 5120K, 0% used [0x00000000d7d00000,0x00000000d7d00000,0x00000000d8200000)
  to   space 5120K, 0% used [0x00000000d7800000,0x00000000d7800000,0x00000000d7d00000)
 ParOldGen       total 87552K, used 0K [0x0000000080600000, 0x0000000085b80000, 0x00000000d5780000)
  object space 87552K, 0% used [0x0000000080600000,0x0000000080600000,0x0000000085b80000)
 Metaspace       used 18412K, capacity 18568K, committed 18816K, reserved 1064960K
  class space    used 2276K, capacity 2314K, committed 2432K, reserved 1048576K
Event: 21.533 GC heap after
Heap after GC invocations=1 (full 0):
 PSYoungGen      total 38400K, used 4941K [0x00000000d5780000, 0x00000000d8200000, 0x0000000100000000)
  eden space 33280K, 0% used [0x00000000d5780000,0x00000000d5780000,0x00000000d7800000)
  from space 5120K, 96% used [0x00000000d7800000,0x00000000d7cd3570,0x00000000d7d00000)
  to   space 5120K, 0% used [0x00000000d7d00000,0x00000000d7d00000,0x00000000d8200000)
 ParOldGen       total 87552K, used 16K [0x0000000080600000, 0x0000000085b80000, 0x00000000d5780000)
  object space 87552K, 0% used [0x0000000080600000,0x0000000080604000,0x0000000085b80000)
 Metaspace       used 18412K, capacity 18568K, committed 18816K, reserved 1064960K
  class space    used 2276K, capacity 2314K, committed 2432K, reserved 1048576K
}
Event: 22.987 GC heap before
{Heap before GC invocations=2 (full 0):
 PSYoungGen      total 38400K, used 38221K [0x00000000d5780000, 0x00000000d8200000, 0x0000000100000000)
  eden space 33280K, 100% used [0x00000000d5780000,0x00000000d7800000,0x00000000d7800000)
  from space 5120K, 96% used [0x00000000d7800000,0x00000000d7cd3570,0x00000000d7d00000)
  to   space 5120K, 0% used [0x00000000d7d00000,0x00000000d7d00000,0x00000000d8200000)
 ParOldGen       total 87552K, used 16K [0x0000000080600000, 0x0000000085b80000, 0x00000000d5780000)
  object space 87552K, 0% used [0x0000000080600000,0x0000000080604000,0x0000000085b80000)
 Metaspace       used 18613K, capacity 18728K, committed 19072K, reserved 1067008K
  class space    used 2293K, capacity 2346K, committed 2432K, reserved 1048576K
Event: 22.992 GC heap after
Heap after GC invocations=2 (full 0):
 PSYoungGen      total 38400K, used 5095K [0x00000000d5780000, 0x00000000d8200000, 0x0000000100000000)
  eden space 33280K, 0% used [0x00000000d5780000,0x00000000d5780000,0x00000000d7800000)
  from space 5120K, 99% used [0x00000000d7d00000,0x00000000d81f9f70,0x00000000d8200000)
  to   space 5120K, 0% used [0x00000000d7800000,0x00000000d7800000,0x00000000d7d00000)
 ParOldGen       total 87552K, used 144K [0x0000000080600000, 0x0000000085b80000, 0x00000000d5780000)
  object space 87552K, 0% used [0x0000000080600000,0x0000000080624000,0x0000000085b80000)
 Metaspace       used 18613K, capacity 18728K, committed 19072K, reserved 1067008K
  class space    used 2293K, capacity 2346K, committed 2432K, reserved 1048576K
}

Deoptimization events (10 events):
Event: 3.723 Thread 0x000000005abb1800 Uncommon trap: reason=bimorphic action=maybe_recompile pc=0x0000000002b14260 method=java.util.concurrent.locks.AbstractQueuedSynchronizer.release(I)Z @ 2
Event: 7.984 Thread 0x000000005abb1800 Uncommon trap: reason=unreached action=reinterpret pc=0x0000000002db68ec method=javax.swing.DefaultListCellRenderer.firePropertyChange(Ljava/lang/String;Ljava/lang/Object;Ljava/lang/Object;)V @ 20
Event: 21.341 Thread 0x000000005abb1800 Uncommon trap: reason=unreached action=reinterpret pc=0x0000000002e3b7ec method=java.security.AccessControlContext.combine([Ljava/security/ProtectionDomain;[Ljava/security/ProtectionDomain;)[Ljava/security/ProtectionDomain; @ 11
Event: 21.502 Thread 0x000000005abb1800 Uncommon trap: reason=unreached action=reinterpret pc=0x0000000002e388ec method=java.util.concurrent.ConcurrentHashMap.get(Ljava/lang/Object;)Ljava/lang/Object; @ 138
Event: 21.653 Thread 0x000000005abb1800 Uncommon trap: reason=class_check action=maybe_recompile pc=0x0000000002e85074 method=org.bytedeco.javacv.Java2DFrameConverter.flipCopyWithGamma(Ljava/nio/ByteBuffer;ILjava/nio/ByteBuffer;IZDZI)V @ 492
Event: 21.653 Thread 0x000000005abb1800 Uncommon trap: reason=class_check action=maybe_recompile pc=0x0000000002e85074 method=org.bytedeco.javacv.Java2DFrameConverter.flipCopyWithGamma(Ljava/nio/ByteBuffer;ILjava/nio/ByteBuffer;IZDZI)V @ 492
Event: 21.654 Thread 0x000000005abb1800 Uncommon trap: reason=class_check action=maybe_recompile pc=0x0000000002e85074 method=org.bytedeco.javacv.Java2DFrameConverter.flipCopyWithGamma(Ljava/nio/ByteBuffer;ILjava/nio/ByteBuffer;IZDZI)V @ 492
Event: 21.654 Thread 0x000000005abb1800 Uncommon trap: reason=class_check action=maybe_recompile pc=0x0000000002e85074 method=org.bytedeco.javacv.Java2DFrameConverter.flipCopyWithGamma(Ljava/nio/ByteBuffer;ILjava/nio/ByteBuffer;IZDZI)V @ 492
Event: 22.998 Thread 0x000000005abb1800 Uncommon trap: reason=null_check action=make_not_entrant pc=0x0000000003048334 method=javax.swing.plaf.nimbus.NimbusDefaults$LazyStyle.matches(Ljava/awt/Component;I)Z @ 39
Event: 26.633 Thread 0x000000005abb1800 Uncommon trap: reason=predicate action=maybe_recompile pc=0x00000000030027e4 method=org.bytedeco.javacv.Java2DFrameConverter.flipCopyWithGamma(Ljava/nio/ByteBuffer;ILjava/nio/ByteBuffer;IZDZI)V @ 491

Internal exceptions (10 events):
Event: 26.762 Thread 0x000000005abb1800 Exception <a 'java/security/PrivilegedActionException'> (0x00000000d5eff540) thrown at [D:\re\workspace\8-2-build-windows-amd64-cygwin\jdk8u25\1677\hotspot\src\share\vm\prims\jvm.cpp, line 1312]
Event: 26.762 Thread 0x000000005abb1800 Exception <a 'java/security/PrivilegedActionException'> (0x00000000d5f046f0) thrown at [D:\re\workspace\8-2-build-windows-amd64-cygwin\jdk8u25\1677\hotspot\src\share\vm\prims\jvm.cpp, line 1312]
Event: 26.762 Thread 0x000000005abb1800 Exception <a 'java/security/PrivilegedActionException'> (0x00000000d5f096e8) thrown at [D:\re\workspace\8-2-build-windows-amd64-cygwin\jdk8u25\1677\hotspot\src\share\vm\prims\jvm.cpp, line 1312]
Event: 26.762 Thread 0x000000005abb1800 Exception <a 'java/security/PrivilegedActionException'> (0x00000000d5f0de70) thrown at [D:\re\workspace\8-2-build-windows-amd64-cygwin\jdk8u25\1677\hotspot\src\share\vm\prims\jvm.cpp, line 1312]
Event: 26.763 Thread 0x000000005abb1800 Exception <a 'java/security/PrivilegedActionException'> (0x00000000d5f134d0) thrown at [D:\re\workspace\8-2-build-windows-amd64-cygwin\jdk8u25\1677\hotspot\src\share\vm\prims\jvm.cpp, line 1312]
Event: 26.763 Thread 0x000000005abb1800 Exception <a 'java/security/PrivilegedActionException'> (0x00000000d5f17810) thrown at [D:\re\workspace\8-2-build-windows-amd64-cygwin\jdk8u25\1677\hotspot\src\share\vm\prims\jvm.cpp, line 1312]
Event: 26.763 Thread 0x000000005abb1800 Exception <a 'java/security/PrivilegedActionException'> (0x00000000d5f1ec28) thrown at [D:\re\workspace\8-2-build-windows-amd64-cygwin\jdk8u25\1677\hotspot\src\share\vm\prims\jvm.cpp, line 1312]
Event: 26.763 Thread 0x000000005abb1800 Exception <a 'java/security/PrivilegedActionException'> (0x00000000d5f23888) thrown at [D:\re\workspace\8-2-build-windows-amd64-cygwin\jdk8u25\1677\hotspot\src\share\vm\prims\jvm.cpp, line 1312]
Event: 26.763 Thread 0x000000005abb1800 Exception <a 'java/security/PrivilegedActionException'> (0x00000000d5f28408) thrown at [D:\re\workspace\8-2-build-windows-amd64-cygwin\jdk8u25\1677\hotspot\src\share\vm\prims\jvm.cpp, line 1312]
Event: 26.764 Thread 0x000000005abb1800 Exception <a 'java/security/PrivilegedActionException'> (0x00000000d5f2ec78) thrown at [D:\re\workspace\8-2-build-windows-amd64-cygwin\jdk8u25\1677\hotspot\src\share\vm\prims\jvm.cpp, line 1312]

Events (10 events):
Event: 26.763 loading class org/bytedeco/javacpp/opencv_imgproc$GeneralizedHough
Event: 26.763 loading class org/bytedeco/javacpp/opencv_imgproc$GeneralizedHough done
Event: 26.763 loading class org/bytedeco/javacpp/opencv_imgproc$GeneralizedHoughGuil
Event: 26.763 loading class org/bytedeco/javacpp/opencv_imgproc$GeneralizedHoughGuil done
Event: 26.763 loading class org/bytedeco/javacpp/opencv_imgproc$CLAHE
Event: 26.763 loading class org/bytedeco/javacpp/opencv_imgproc$CLAHE done
Event: 26.763 loading class org/bytedeco/javacpp/opencv_imgproc$LineSegmentDetector
Event: 26.763 loading class org/bytedeco/javacpp/opencv_imgproc$LineSegmentDetector done
Event: 26.764 loading class org/bytedeco/javacpp/opencv_imgproc$CvContourScanner
Event: 26.764 loading class org/bytedeco/javacpp/opencv_imgproc$CvContourScanner done


Dynamic libraries:
0x000000013fcf0000 - 0x000000013fd24000 	C:\Program Files\Java\jdk1.8.0_25\bin\java.exe
0x0000000077a20000 - 0x0000000077bc9000 	C:\Windows\SYSTEM32\ntdll.dll
0x00000000776b0000 - 0x00000000777cf000 	C:\Windows\system32\kernel32.dll
0x000007fefe160000 - 0x000007fefe1cb000 	C:\Windows\system32\KERNELBASE.dll
0x000007fefe670000 - 0x000007fefe74b000 	C:\Windows\system32\ADVAPI32.dll
0x000007fefe5d0000 - 0x000007fefe66f000 	C:\Windows\system32\msvcrt.dll
0x000007feff570000 - 0x000007feff58f000 	C:\Windows\SYSTEM32\sechost.dll
0x000007feffb20000 - 0x000007feffc4d000 	C:\Windows\system32\RPCRT4.dll
0x0000000077920000 - 0x0000000077a1a000 	C:\Windows\system32\USER32.dll
0x000007fefe480000 - 0x000007fefe4e7000 	C:\Windows\system32\GDI32.dll
0x000007fefe7d0000 - 0x000007fefe7de000 	C:\Windows\system32\LPK.dll
0x000007feff590000 - 0x000007feff659000 	C:\Windows\system32\USP10.dll
0x000007fefc7f0000 - 0x000007fefc9e4000 	C:\Windows\WinSxS\amd64_microsoft.windows.common-controls_6595b64144ccf1df_6.0.7601.17514_none_fa396087175ac9ac\COMCTL32.dll
0x000007fefe750000 - 0x000007fefe7c1000 	C:\Windows\system32\SHLWAPI.dll
0x000007fefe450000 - 0x000007fefe47e000 	C:\Windows\system32\IMM32.DLL
0x000007feff800000 - 0x000007feff909000 	C:\Windows\system32\MSCTF.dll
0x0000000068200000 - 0x00000000682d2000 	C:\Program Files\Java\jdk1.8.0_25\jre\bin\msvcr100.dll
0x000000005e980000 - 0x000000005f1da000 	C:\Program Files\Java\jdk1.8.0_25\jre\bin\server\jvm.dll
0x000007fef3910000 - 0x000007fef3919000 	C:\Windows\system32\WSOCK32.dll
0x000007feff710000 - 0x000007feff75d000 	C:\Windows\system32\WS2_32.dll
0x000007feff660000 - 0x000007feff668000 	C:\Windows\system32\NSI.dll
0x000007fefb6b0000 - 0x000007fefb6eb000 	C:\Windows\system32\WINMM.dll
0x0000000077bf0000 - 0x0000000077bf7000 	C:\Windows\system32\PSAPI.DLL
0x00000000747b0000 - 0x00000000747bf000 	C:\Program Files\Java\jdk1.8.0_25\jre\bin\verify.dll
0x0000000074680000 - 0x00000000746a8000 	C:\Program Files\Java\jdk1.8.0_25\jre\bin\java.dll
0x0000000074610000 - 0x0000000074626000 	C:\Program Files\Java\jdk1.8.0_25\jre\bin\zip.dll
0x000007fefe7e0000 - 0x000007feff568000 	C:\Windows\system32\SHELL32.dll
0x000007feff910000 - 0x000007feffb13000 	C:\Windows\system32\ole32.dll
0x000007fefde80000 - 0x000007fefde8f000 	C:\Windows\system32\profapi.dll
0x0000000063d50000 - 0x0000000063ee8000 	C:\Program Files\Java\jdk1.8.0_25\jre\bin\awt.dll
0x000007feffc50000 - 0x000007feffd27000 	C:\Windows\system32\OLEAUT32.dll
0x000007fefc610000 - 0x000007fefc666000 	C:\Windows\system32\uxtheme.dll
0x000007fefc1e0000 - 0x000007fefc1f8000 	C:\Windows\system32\dwmapi.dll
0x000007fefdd50000 - 0x000007fefdd5f000 	C:\Windows\system32\CRYPTBASE.dll
0x0000000073cb0000 - 0x0000000073cf7000 	C:\Program Files\Java\jdk1.8.0_25\jre\bin\fontmanager.dll
0x000007fee88b0000 - 0x000007fee8aaf000 	C:\Windows\system32\d3d9.dll
0x000007fefcf70000 - 0x000007fefcf7c000 	C:\Windows\system32\VERSION.dll
0x000007fef9320000 - 0x000007fef9327000 	C:\Windows\system32\d3d8thk.dll
0x000007feda490000 - 0x000007fedb389000 	C:\Windows\system32\nvd3dumx.dll
0x000007fef1700000 - 0x000007fef18cc000 	C:\Windows\system32\nvspcap64.dll
0x000007fefe270000 - 0x000007fefe447000 	C:\Windows\system32\SETUPAPI.dll
0x000007fefe210000 - 0x000007fefe246000 	C:\Windows\system32\CFGMGR32.dll
0x000007fefdf30000 - 0x000007fefdf4a000 	C:\Windows\system32\DEVOBJ.dll
0x000007fef49d0000 - 0x000007fef4a41000 	C:\Windows\system32\WINHTTP.dll
0x000007fef4960000 - 0x000007fef49c4000 	C:\Windows\system32\webio.dll
0x000007fefd100000 - 0x000007fefd111000 	C:\Windows\system32\WTSAPI32.dll
0x000007fefa480000 - 0x000007fefa813000 	C:\Windows\system32\nvapi64.dll
0x000007fefb8c0000 - 0x000007fefb8ec000 	C:\Windows\system32\powrprof.dll
0x000007feeb4d0000 - 0x000007feeb5b0000 	C:\Program Files (x86)\NVIDIA Corporation\3D Vision\nvSCPAPI64.dll
0x00000000745f0000 - 0x000000007460a000 	C:\Program Files\Java\jdk1.8.0_25\jre\bin\net.dll
0x000007fefd6b0000 - 0x000007fefd705000 	C:\Windows\system32\mswsock.dll
0x000007fefd6a0000 - 0x000007fefd6a7000 	C:\Windows\System32\wship6.dll
0x00000000745d0000 - 0x00000000745e1000 	C:\Program Files\Java\jdk1.8.0_25\jre\bin\nio.dll
0x0000000073c60000 - 0x0000000073ca1000 	C:\Program Files\Java\jdk1.8.0_25\jre\bin\t2k.dll
0x000007fef8670000 - 0x000007fef8710000 	C:\Windows\WinSxS\amd64_microsoft.windows.common-controls_6595b64144ccf1df_5.82.7601.17514_none_a4d6a923711520a9\comctl32.dll
0x000007feff670000 - 0x000007feff709000 	C:\Windows\system32\CLBCatQ.DLL
0x000007fefc670000 - 0x000007fefc79c000 	C:\Windows\system32\propsys.dll
0x000007fefcce0000 - 0x000007fefcd0d000 	C:\Windows\system32\ntmarta.dll
0x000007fefe570000 - 0x000007fefe5c2000 	C:\Windows\system32\WLDAP32.dll
0x000007fefde00000 - 0x000007fefde57000 	C:\Windows\system32\apphelp.dll
0x000007fef1330000 - 0x000007fef14cc000 	C:\Windows\system32\NetworkExplorer.dll
0x000007fefc260000 - 0x000007fefc294000 	C:\Windows\System32\shdocvw.dll
0x000007fefb560000 - 0x000007fefb56b000 	C:\Windows\system32\slc.dll
0x000007fef3a10000 - 0x000007fef3a28000 	C:\Windows\system32\MPR.dll
0x000007fef9d20000 - 0x000007fef9d2a000 	C:\Windows\System32\drprov.dll
0x000007fefdcb0000 - 0x000007fefdced000 	C:\Windows\System32\WINSTA.dll
0x000007fef10b0000 - 0x000007fef10d2000 	C:\Windows\System32\ntlanman.dll
0x000007fef95c0000 - 0x000007fef95dc000 	C:\Windows\System32\davclnt.dll
0x000007fef9b50000 - 0x000007fef9b5a000 	C:\Windows\System32\DAVHLPR.dll
0x000007fefbf00000 - 0x000007fefbf15000 	C:\Windows\system32\wkscli.dll
0x000007fef3dc0000 - 0x000007fef3dcf000 	C:\Windows\system32\cscapi.dll
0x000007fefbf20000 - 0x000007fefbf2c000 	C:\Windows\system32\netutils.dll
0x000007fee16e0000 - 0x000007fee1951000 	C:\Windows\system32\wpdshext.dll
0x000007fefc3f0000 - 0x000007fefc606000 	C:\Windows\WinSxS\amd64_microsoft.windows.gdiplus_6595b64144ccf1df_1.1.7601.17825_none_2b253c8271ec7765\gdiplus.dll
0x000007fefbc00000 - 0x000007fefbcbd000 	C:\Windows\system32\PortableDeviceApi.dll
0x000007fefe1d0000 - 0x000007fefe209000 	C:\Windows\system32\WINTRUST.dll
0x000007fefdff0000 - 0x000007fefe15a000 	C:\Windows\system32\CRYPT32.dll
0x000007fefdf20000 - 0x000007fefdf2f000 	C:\Windows\system32\MSASN1.dll
0x000007fefcc00000 - 0x000007fefcc35000 	C:\Windows\system32\EhStorShell.dll
0x000007fef9b70000 - 0x000007fef9b97000 	C:\Windows\system32\EhStorAPI.dll
0x000007fef39f0000 - 0x000007fef39fc000 	C:\Windows\system32\LINKINFO.dll
0x000000006fa10000 - 0x000000006fa3a000 	C:\Program Files\Java\jdk1.8.0_25\jre\bin\dcpr.dll
0x000007fefc070000 - 0x000007fefc19a000 	C:\Windows\system32\WindowsCodecs.dll
0x000007fefcc40000 - 0x000007fefccd7000 	C:\ProgramData\MEGAsync\ShellExtX64.dll
0x000007fef9180000 - 0x000007fef9183000 	C:\Windows\system32\api-ms-win-core-synch-l1-2-0.DLL
0x000007fefbdc0000 - 0x000007fefbe80000 	C:\Program Files\Google\Drive\googledrivesync64.dll
0x0000000072af0000 - 0x0000000072bc3000 	C:\Windows\WinSxS\amd64_microsoft.vc90.crt_1fc8b3b9a1e18e3b_9.0.30729.6161_none_08e61857a83bc251\MSVCP90.dll
0x0000000072a40000 - 0x0000000072ae3000 	C:\Windows\WinSxS\amd64_microsoft.vc90.crt_1fc8b3b9a1e18e3b_9.0.30729.6161_none_08e61857a83bc251\MSVCR90.dll
0x000007fef1910000 - 0x000007fef1f82000 	C:\PROGRA~1\MICROS~3\Office14\GROOVEEX.DLL
0x00000000748a0000 - 0x00000000748cf000 	C:\Windows\WinSxS\amd64_microsoft.vc90.atl_1fc8b3b9a1e18e3b_9.0.30729.6161_none_0a1fd3a3a768b895\ATL90.DLL
0x000007fee8ab0000 - 0x000007fee8eca000 	C:\PROGRA~1\COMMON~1\MICROS~1\OFFICE14\Cultures\office.odf
0x000007fefcb80000 - 0x000007fefcbfe000 	C:\Windows\System32\cscui.dll
0x000007fefcb70000 - 0x000007fefcb7c000 	C:\Windows\System32\CSCDLL.dll
0x000007fef1190000 - 0x000007fef1210000 	C:\Windows\system32\ntshrui.dll
0x000007fefda70000 - 0x000007fefda93000 	C:\Windows\system32\srvcli.dll
0x000007feed5c0000 - 0x000007feed611000 	C:\Users\Rafael\.javacpp\cache\opencv-windows-x86_64.jar\org\bytedeco\javacpp\windows-x86_64\concrt140.dll
0x000007feec010000 - 0x000007feec0af000 	C:\Windows\system32\MSVCP140.dll
0x000007fef93b0000 - 0x000007fef93c6000 	C:\Windows\system32\VCRUNTIME140.dll
0x000007fef9ad0000 - 0x000007fef9ad4000 	C:\Windows\system32\api-ms-win-crt-runtime-l1-1-0.dll
0x000007feea480000 - 0x000007feea572000 	C:\Windows\system32\ucrtbase.DLL
0x000007fefcb10000 - 0x000007fefcb13000 	C:\Windows\system32\api-ms-win-core-timezone-l1-1-0.dll
0x000007fef9a20000 - 0x000007fef9a23000 	C:\Windows\system32\api-ms-win-core-file-l2-1-0.dll
0x000007fef9440000 - 0x000007fef9443000 	C:\Windows\system32\api-ms-win-core-localization-l1-2-0.dll
0x000007fef9720000 - 0x000007fef9723000 	C:\Windows\system32\api-ms-win-core-processthreads-l1-1-1.dll
0x000007fef9190000 - 0x000007fef9193000 	C:\Windows\system32\api-ms-win-core-file-l1-2-0.dll
0x000007fef9330000 - 0x000007fef9334000 	C:\Windows\system32\api-ms-win-crt-string-l1-1-0.dll
0x000007fef12c0000 - 0x000007fef12c3000 	C:\Windows\system32\api-ms-win-crt-heap-l1-1-0.dll
0x000007fef3ab0000 - 0x000007fef3ab4000 	C:\Windows\system32\api-ms-win-crt-stdio-l1-1-0.dll
0x000007fef12b0000 - 0x000007fef12b4000 	C:\Windows\system32\api-ms-win-crt-convert-l1-1-0.dll
0x000007fef12a0000 - 0x000007fef12a3000 	C:\Windows\system32\api-ms-win-crt-locale-l1-1-0.dll
0x000007fef1290000 - 0x000007fef1295000 	C:\Windows\system32\api-ms-win-crt-math-l1-1-0.dll
0x000007fef1210000 - 0x000007fef1215000 	C:\Windows\system32\api-ms-win-crt-multibyte-l1-1-0.dll
0x000007fef10a0000 - 0x000007fef10a3000 	C:\Windows\system32\api-ms-win-crt-time-l1-1-0.dll
0x000007fef0e20000 - 0x000007fef0e23000 	C:\Windows\system32\api-ms-win-crt-filesystem-l1-1-0.dll
0x000007fef0d80000 - 0x000007fef0d83000 	C:\Windows\system32\api-ms-win-crt-environment-l1-1-0.dll
0x000007fef0d70000 - 0x000007fef0d73000 	C:\Windows\system32\api-ms-win-crt-utility-l1-1-0.dll
0x000007feebf70000 - 0x000007feec00d000 	C:\Users\Rafael\.javacpp\cache\opencv-windows-x86_64.jar\org\bytedeco\javacpp\windows-x86_64\msvcp140.dll
0x000007fef0d20000 - 0x000007fef0d37000 	C:\Users\Rafael\.javacpp\cache\opencv-windows-x86_64.jar\org\bytedeco\javacpp\windows-x86_64\vcruntime140.dll
0x000007fef0d60000 - 0x000007fef0d63000 	C:\Users\Rafael\.javacpp\cache\opencv-windows-x86_64.jar\org\bytedeco\javacpp\windows-x86_64\api-ms-win-crt-locale-l1-1-0.dll
0x000007fef02e0000 - 0x000007fef02e4000 	C:\Users\Rafael\.javacpp\cache\opencv-windows-x86_64.jar\org\bytedeco\javacpp\windows-x86_64\api-ms-win-crt-string-l1-1-0.dll
0x000007fef0260000 - 0x000007fef0264000 	C:\Users\Rafael\.javacpp\cache\opencv-windows-x86_64.jar\org\bytedeco\javacpp\windows-x86_64\api-ms-win-crt-stdio-l1-1-0.dll
0x000007fef0250000 - 0x000007fef0255000 	C:\Users\Rafael\.javacpp\cache\opencv-windows-x86_64.jar\org\bytedeco\javacpp\windows-x86_64\api-ms-win-crt-math-l1-1-0.dll
0x000007fef0240000 - 0x000007fef0243000 	C:\Users\Rafael\.javacpp\cache\opencv-windows-x86_64.jar\org\bytedeco\javacpp\windows-x86_64\api-ms-win-crt-heap-l1-1-0.dll
0x000007fef0230000 - 0x000007fef0234000 	C:\Users\Rafael\.javacpp\cache\opencv-windows-x86_64.jar\org\bytedeco\javacpp\windows-x86_64\api-ms-win-crt-runtime-l1-1-0.dll
0x000007fef0220000 - 0x000007fef0224000 	C:\Users\Rafael\.javacpp\cache\opencv-windows-x86_64.jar\org\bytedeco\javacpp\windows-x86_64\api-ms-win-crt-convert-l1-1-0.dll
0x000007fef0210000 - 0x000007fef0213000 	C:\Users\Rafael\.javacpp\cache\opencv-windows-x86_64.jar\org\bytedeco\javacpp\windows-x86_64\api-ms-win-crt-environment-l1-1-0.dll
0x000007fef0200000 - 0x000007fef0203000 	C:\Users\Rafael\.javacpp\cache\opencv-windows-x86_64.jar\org\bytedeco\javacpp\windows-x86_64\api-ms-win-crt-time-l1-1-0.dll
0x000007fef00e0000 - 0x000007fef00e3000 	C:\Users\Rafael\.javacpp\cache\opencv-windows-x86_64.jar\org\bytedeco\javacpp\windows-x86_64\api-ms-win-crt-filesystem-l1-1-0.dll

VM Arguments:
jvm_args: -Dfile.encoding=UTF-8 
java_command: tarea3.MainInterface
java_class_path (initial): C:\Users\Rafael\Downloads\UCV\Semestre 2017-2\Procesamiento Digital de Imágenes\Tareas\Tarea2\Tarea3\jar\javacpp.jar;C:\Users\Rafael\Downloads\UCV\Semestre 2017-2\Procesamiento Digital de Imágenes\Tareas\Tarea2\Tarea3\jar\javacv-platform.jar;C:\Users\Rafael\Downloads\UCV\Semestre 2017-2\Procesamiento Digital de Imágenes\Tareas\Tarea2\Tarea3\jar\javacv.jar;C:\Users\Rafael\Downloads\UCV\Semestre 2017-2\Procesamiento Digital de Imágenes\Tareas\Tarea2\Tarea3\jar\opencv-platform.jar;C:\Users\Rafael\Downloads\UCV\Semestre 2017-2\Procesamiento Digital de Imágenes\Tareas\Tarea2\Tarea3\jar\opencv-windows-x86.jar;C:\Users\Rafael\Downloads\UCV\Semestre 2017-2\Procesamiento Digital de Imágenes\Tareas\Tarea2\Tarea3\jar\opencv.jar;C:\Users\Rafael\Downloads\UCV\Semestre 2017-2\Procesamiento Digital de Imágenes\Tareas\Tarea2\Tarea3\jar\opencv-windows-x86_64.jar;C:\Users\Rafael\Downloads\UCV\Semestre 2017-2\Procesamiento Digital de Imágenes\Tareas\Tarea2\Tarea3\build\classes
Launcher Type: SUN_STANDARD

Environment Variables:
JAVA_HOME=C:\Program Files\Java\jdk1.8.0_25
PATH=C:\oraclexe\app\oracle\product\11.2.0\server\bin;C:\Program Files\MiKTeX 2.9\miktex\bin\x64\;C:\Program Files (x86)\Skype\Phone\;C:\Windows\system32
USERNAME=Rafael
OS=Windows_NT
PROCESSOR_IDENTIFIER=Intel64 Family 6 Model 58 Stepping 9, GenuineIntel



---------------  S Y S T E M  ---------------

OS: Windows 7 , 64 bit Build 7601 Service Pack 1

CPU:total 8 (4 cores per cpu, 2 threads per core) family 6 model 58 stepping 9, cmov, cx8, fxsr, mmx, sse, sse2, sse3, ssse3, sse4.1, sse4.2, popcnt, avx, aes, clmul, erms, ht, tsc, tscinvbit, tscinv

Memory: 4k page, physical 8358308k(1160144k free), swap 16714752k(6817852k free)

vm_info: Java HotSpot(TM) 64-Bit Server VM (25.25-b02) for windows-amd64 JRE (1.8.0_25-b18), built on Oct  7 2014 14:25:37 by "java_re" with MS VC++ 10.0 (VS2010)

time: Wed May 09 18:27:25 2018
elapsed time: 26 seconds (0d 0h 0m 26s)

