#
# A fatal error has been detected by the Java Runtime Environment:
#
#  EXCEPTION_UNCAUGHT_CXX_EXCEPTION (0xe06d7363) at pc=0x000007fefe169e5d, pid=6080, tid=6224
#
# JRE version: Java(TM) SE Runtime Environment (8.0_25-b18) (build 1.8.0_25-b18)
# Java VM: Java HotSpot(TM) 64-Bit Server VM (25.25-b02 mixed mode windows-amd64 compressed oops)
# Problematic frame:
# C  [KERNELBASE.dll+0x9e5d]
#
# Failed to write core dump. Minidumps are not enabled by default on client versions of Windows
#
# If you would like to submit a bug report, please visit:
#   http://bugreport.sun.com/bugreport/crash.jsp
# The crash happened outside the Java Virtual Machine in native code.
# See problematic frame for where to report the bug.
#

---------------  T H R E A D  ---------------

Current thread (0x000000005bbc5000):  JavaThread "AWT-EventQueue-0" [_thread_in_native, id=6224, stack(0x000000005cc10000,0x000000005cd10000)]

siginfo: ExceptionCode=0xe06d7363, ExceptionInformation=0x0000000019930520 0x000000005cd0b100 0x000007fee071fb38 0x000007fee0470000 

Registers:
RAX=0x000000008dd34564, RBX=0x000000005cd0c1d0, RCX=0x000000005cd0a950, RDX=0x00000000000000d0
RSP=0x000000005cd0af60, RBP=0x000000005cd0b090, RSI=0x000007fee071fb38, RDI=0x0000000000000068
R8 =0x0000000000000000, R9 =0x0000000000000000, R10=0x000007fee0470000, R11=0x000000005cd0afa0
R12=0x00000000ffffff29, R13=0x0000000000000000, R14=0x000000005cd0b100, R15=0x000000005cd0c2a8
RIP=0x000007fefe169e5d, EFLAGS=0x0000000000000202

Top of Stack: (sp=0x000000005cd0af60)
0x000000005cd0af60:   000000005cd0c1d0 000007fee071fb38
0x000000005cd0af70:   0000000000000068 0000000000000000
0x000000005cd0af80:   00000001e06d7363 0000000000000000
0x000000005cd0af90:   000007fefe169e5d 000007fe00000004
0x000000005cd0afa0:   0000000019930520 000000005cd0b100
0x000000005cd0afb0:   000007fee071fb38 000007fee0470000
0x000000005cd0afc0:   0000000000000002 000000005cd0b048
0x000000005cd0afd0:   00000000000000d4 0000000000000080
0x000000005cd0afe0:   000000005e672940 000007fee990a411
0x000000005cd0aff0:   000000005cd0c2a8 000007fee068e2a0
0x000000005cd0b000:   000000005cd0b100 0000000000000000
0x000000005cd0b010:   00000000ffffff29 0000000000000068
0x000000005cd0b020:   000007fee071fb38 000007fef01e44f2
0x000000005cd0b030:   000000005cd0c1d0 000000005cd0b0b0
0x000000005cd0b040:   000007fe00000001 000007fee0470118
0x000000005cd0b050:   00000001e06d7363 0000000000000000 

Instructions: (pc=0x000007fefe169e5d)
0x000007fefe169e3d:   54 24 24 48 89 4c 24 28 4d 85 c9 0f 85 3a 0a 00
0x000007fefe169e4d:   00 89 4c 24 38 48 8d 4c 24 20 ff 15 43 14 04 00
0x000007fefe169e5d:   48 81 c4 c8 00 00 00 c3 90 90 90 90 90 90 90 90
0x000007fefe169e6d:   90 90 90 48 89 5c 24 08 57 48 83 ec 20 48 8b d9 


Register to memory mapping:

RAX=0x000000008dd34564 is an unallocated location in the heap
RBX=0x000000005cd0c1d0 is pointing into the stack for thread: 0x000000005bbc5000
RCX=0x000000005cd0a950 is pointing into the stack for thread: 0x000000005bbc5000
RDX=0x00000000000000d0 is an unknown value
RSP=0x000000005cd0af60 is pointing into the stack for thread: 0x000000005bbc5000
RBP=0x000000005cd0b090 is pointing into the stack for thread: 0x000000005bbc5000
RSI=0x000007fee071fb38 is an unknown value
RDI=0x0000000000000068 is an unknown value
R8 =0x0000000000000000 is an unknown value
R9 =0x0000000000000000 is an unknown value
R10=0x000007fee0470000 is an unknown value
R11=0x000000005cd0afa0 is pointing into the stack for thread: 0x000000005bbc5000
R12=0x00000000ffffff29 is an unallocated location in the heap
R13=0x0000000000000000 is an unknown value
R14=0x000000005cd0b100 is pointing into the stack for thread: 0x000000005bbc5000
R15=0x000000005cd0c2a8 is pointing into the stack for thread: 0x000000005bbc5000


Stack: [0x000000005cc10000,0x000000005cd10000],  sp=0x000000005cd0af60,  free space=1003k
Native frames: (J=compiled Java code, j=interpreted, Vv=VM code, C=native code)
C  [KERNELBASE.dll+0x9e5d]
C  [VCRUNTIME140.dll+0x44f2]
C  0x000007fee06250fa
C  0x000007fee062524a
C  0x000007fee05a8821
C  0x000007fee04cea22
C  0x000007fedfe12a5b
C  0x000007fedfe1e62f
C  0x000007feebda646e
C  0x0000000002725b54

Java frames: (J=compiled Java code, j=interpreted, Vv=VM code)
j  org.bytedeco.javacpp.opencv_imgcodecs.cvSaveImage(Ljava/lang/String;Lorg/bytedeco/javacpp/helper/opencv_core$CvArr;)I+0
j  tarea3.MainInterface.AbrirArchivoActionPerformed(Ljava/awt/event/ActionEvent;)V+52
j  tarea3.MainInterface.access$000(Ltarea3/MainInterface;Ljava/awt/event/ActionEvent;)V+2
j  tarea3.MainInterface$1.actionPerformed(Ljava/awt/event/ActionEvent;)V+5
j  javax.swing.AbstractButton.fireActionPerformed(Ljava/awt/event/ActionEvent;)V+83
j  javax.swing.AbstractButton$Handler.actionPerformed(Ljava/awt/event/ActionEvent;)V+5
j  javax.swing.DefaultButtonModel.fireActionPerformed(Ljava/awt/event/ActionEvent;)V+34
j  javax.swing.DefaultButtonModel.setPressed(Z)V+117
j  javax.swing.AbstractButton.doClick(I)V+64
j  javax.swing.plaf.basic.BasicMenuItemUI.doClick(Ljavax/swing/MenuSelectionManager;)V+53
j  javax.swing.plaf.basic.BasicMenuItemUI$Handler.mouseReleased(Ljava/awt/event/MouseEvent;)V+76
j  java.awt.Component.processMouseEvent(Ljava/awt/event/MouseEvent;)V+64
j  javax.swing.JComponent.processMouseEvent(Ljava/awt/event/MouseEvent;)V+23
j  java.awt.Component.processEvent(Ljava/awt/AWTEvent;)V+81
j  java.awt.Container.processEvent(Ljava/awt/AWTEvent;)V+18
j  java.awt.Component.dispatchEventImpl(Ljava/awt/AWTEvent;)V+589
j  java.awt.Container.dispatchEventImpl(Ljava/awt/AWTEvent;)V+42
J 1055 C1 java.awt.Component.dispatchEvent(Ljava/awt/AWTEvent;)V (6 bytes) @ 0x0000000002a7493c [0x0000000002a74840+0xfc]
j  java.awt.LightweightDispatcher.retargetMouseEvent(Ljava/awt/Component;ILjava/awt/event/MouseEvent;)V+327
j  java.awt.LightweightDispatcher.processMouseEvent(Ljava/awt/event/MouseEvent;)Z+143
j  java.awt.LightweightDispatcher.dispatchEvent(Ljava/awt/AWTEvent;)Z+50
j  java.awt.Container.dispatchEventImpl(Ljava/awt/AWTEvent;)V+12
j  java.awt.Window.dispatchEventImpl(Ljava/awt/AWTEvent;)V+19
J 1055 C1 java.awt.Component.dispatchEvent(Ljava/awt/AWTEvent;)V (6 bytes) @ 0x0000000002a7493c [0x0000000002a74840+0xfc]
j  java.awt.EventQueue.dispatchEventImpl(Ljava/awt/AWTEvent;Ljava/lang/Object;)V+41
j  java.awt.EventQueue.access$400(Ljava/awt/EventQueue;Ljava/awt/AWTEvent;Ljava/lang/Object;)V+3
j  java.awt.EventQueue$3.run()Ljava/lang/Void;+32
j  java.awt.EventQueue$3.run()Ljava/lang/Object;+1
v  ~StubRoutines::call_stub
J 997  java.security.AccessController.doPrivileged(Ljava/security/PrivilegedAction;Ljava/security/AccessControlContext;)Ljava/lang/Object; (0 bytes) @ 0x0000000002a585a6 [0x0000000002a58540+0x66]
J 998 C1 java.security.ProtectionDomain$1.doIntersectionPrivilege(Ljava/security/PrivilegedAction;Ljava/security/AccessControlContext;Ljava/security/AccessControlContext;)Ljava/lang/Object; (32 bytes) @ 0x0000000002a58c0c [0x0000000002a58920+0x2ec]
j  java.security.ProtectionDomain$1.doIntersectionPrivilege(Ljava/security/PrivilegedAction;Ljava/security/AccessControlContext;)Ljava/lang/Object;+6
j  java.awt.EventQueue$4.run()Ljava/lang/Void;+11
j  java.awt.EventQueue$4.run()Ljava/lang/Object;+1
v  ~StubRoutines::call_stub
J 997  java.security.AccessController.doPrivileged(Ljava/security/PrivilegedAction;Ljava/security/AccessControlContext;)Ljava/lang/Object; (0 bytes) @ 0x0000000002a585a6 [0x0000000002a58540+0x66]
J 1015 C1 java.awt.EventQueue.dispatchEvent(Ljava/awt/AWTEvent;)V (80 bytes) @ 0x0000000002a646c4 [0x0000000002a63a40+0xc84]
j  java.awt.EventDispatchThread.pumpOneEventForFilters(I)V+245
j  java.awt.EventDispatchThread.pumpEventsForFilter(ILjava/awt/Conditional;Ljava/awt/EventFilter;)V+35
j  java.awt.EventDispatchThread.pumpEventsForHierarchy(ILjava/awt/Conditional;Ljava/awt/Component;)V+11
j  java.awt.EventDispatchThread.pumpEvents(ILjava/awt/Conditional;)V+4
j  java.awt.EventDispatchThread.pumpEvents(Ljava/awt/Conditional;)V+3
j  java.awt.EventDispatchThread.run()V+9
v  ~StubRoutines::call_stub

---------------  P R O C E S S  ---------------

Java Threads: ( => current thread )
  0x000000005bcb1000 JavaThread "JavaCPP Deallocator" daemon [_thread_blocked, id=8076, stack(0x00000000636f0000,0x00000000637f0000)]
  0x000000005bf51000 JavaThread "TimerQueue" daemon [_thread_blocked, id=5976, stack(0x000000005c9c0000,0x000000005cac0000)]
  0x000000005bec3800 JavaThread "D3D Screen Updater" daemon [_thread_blocked, id=10732, stack(0x00000000614d0000,0x00000000615d0000)]
  0x000000005beb3000 JavaThread "Swing-Shell" daemon [_thread_blocked, id=2464, stack(0x000000005f800000,0x000000005f900000)]
  0x00000000021ce000 JavaThread "DestroyJavaVM" [_thread_blocked, id=10288, stack(0x0000000002270000,0x0000000002370000)]
=>0x000000005bbc5000 JavaThread "AWT-EventQueue-0" [_thread_in_native, id=6224, stack(0x000000005cc10000,0x000000005cd10000)]
  0x000000005bb40800 JavaThread "AWT-Windows" daemon [_thread_in_native, id=10668, stack(0x000000005c5c0000,0x000000005c6c0000)]
  0x0000000059b1d000 JavaThread "AWT-Shutdown" [_thread_blocked, id=6312, stack(0x000000005c340000,0x000000005c440000)]
  0x0000000059b4a000 JavaThread "Java2D Disposer" daemon [_thread_blocked, id=6732, stack(0x000000005b240000,0x000000005b340000)]
  0x000000005988e000 JavaThread "Service Thread" daemon [_thread_blocked, id=9116, stack(0x000000005b4c0000,0x000000005b5c0000)]
  0x0000000059812800 JavaThread "C1 CompilerThread3" daemon [_thread_blocked, id=8220, stack(0x000000005b5e0000,0x000000005b6e0000)]
  0x0000000059810000 JavaThread "C2 CompilerThread2" daemon [_thread_blocked, id=11768, stack(0x000000005b340000,0x000000005b440000)]
  0x000000005980f000 JavaThread "C2 CompilerThread1" daemon [_thread_in_native, id=8612, stack(0x000000005ac50000,0x000000005ad50000)]
  0x0000000059807800 JavaThread "C2 CompilerThread0" daemon [_thread_in_vm, id=3424, stack(0x000000005b120000,0x000000005b220000)]
  0x0000000059805800 JavaThread "Attach Listener" daemon [_thread_blocked, id=4264, stack(0x000000005af80000,0x000000005b080000)]
  0x0000000059804800 JavaThread "Signal Dispatcher" daemon [_thread_blocked, id=3580, stack(0x000000005ada0000,0x000000005aea0000)]
  0x000000005753d000 JavaThread "Finalizer" daemon [_thread_blocked, id=7264, stack(0x000000005aab0000,0x000000005abb0000)]
  0x0000000057534000 JavaThread "Reference Handler" daemon [_thread_blocked, id=8496, stack(0x000000005a940000,0x000000005aa40000)]

Other Threads:
  0x00000000597b1800 VMThread [stack: 0x000000005a7f0000,0x000000005a8f0000] [id=9520]
  0x000000005988f000 WatcherThread [stack: 0x000000005b7f0000,0x000000005b8f0000] [id=2920]

VM state:not at safepoint (normal execution)

VM Mutex/Monitor currently owned by a thread: None

Heap:
 PSYoungGen      total 38400K, used 18062K [0x00000000d5780000, 0x00000000d8200000, 0x0000000100000000)
  eden space 33280K, 41% used [0x00000000d5780000,0x00000000d64d53b8,0x00000000d7800000)
  from space 5120K, 86% used [0x00000000d7800000,0x00000000d7c4e750,0x00000000d7d00000)
  to   space 5120K, 0% used [0x00000000d7d00000,0x00000000d7d00000,0x00000000d8200000)
 ParOldGen       total 87552K, used 32K [0x0000000080600000, 0x0000000085b80000, 0x00000000d5780000)
  object space 87552K, 0% used [0x0000000080600000,0x0000000080608000,0x0000000085b80000)
 Metaspace       used 18262K, capacity 18504K, committed 18816K, reserved 1064960K
  class space    used 2234K, capacity 2306K, committed 2432K, reserved 1048576K

Card table byte_map: [0x0000000011ad0000,0x0000000011ed0000] byte_map_base: 0x00000000116cd000

Marking Bits: (ParMarkBitMap*) 0x0000000057dcd490
 Begin Bits: [0x0000000012f80000, 0x0000000014f68000)
 End Bits:   [0x0000000014f68000, 0x0000000016f50000)

Polling page: 0x0000000000430000

CodeCache: size=245760Kb used=7691Kb max_used=7720Kb free=238068Kb
 bounds [0x0000000002710000, 0x0000000002ea0000, 0x0000000011710000]
 total_blobs=2953 nmethods=2309 adapters=556
 compilation: enabled

Compilation events (10 events):
Event: 8.644 Thread 0x0000000059812800 2301       3       sun.util.calendar.ZoneInfo::getOffsets (8 bytes)
Event: 8.644 Thread 0x0000000059812800 nmethod 2301 0x0000000002e60250 code [0x0000000002e603c0, 0x0000000002e60548]
Event: 8.644 Thread 0x0000000059812800 2302       3       sun.util.calendar.CalendarDate::setZoneOffset (6 bytes)
Event: 8.644 Thread 0x0000000059812800 nmethod 2302 0x0000000002e60610 code [0x0000000002e60760, 0x0000000002e608b0]
Event: 8.644 Thread 0x0000000059812800 2303       3       sun.util.calendar.CalendarDate::setDaylightSaving (6 bytes)
Event: 8.644 Thread 0x0000000059812800 nmethod 2303 0x0000000002e60910 code [0x0000000002e60a60, 0x0000000002e60bb0]
Event: 8.646 Thread 0x0000000059807800 2304       4       java.net.URI::quote (208 bytes)
Event: 8.648 Thread 0x0000000059812800 2305       3       java.lang.Exception::<init> (6 bytes)
Event: 8.648 Thread 0x0000000059812800 nmethod 2305 0x0000000002e60c10 code [0x0000000002e60da0, 0x0000000002e61388]
Event: 8.652 Thread 0x0000000059812800 2307   !   3       org.bytedeco.javacpp.Loader::findLibrary (1195 bytes)

GC Heap History (2 events):
Event: 8.526 GC heap before
{Heap before GC invocations=1 (full 0):
 PSYoungGen      total 38400K, used 33280K [0x00000000d5780000, 0x00000000d8200000, 0x0000000100000000)
  eden space 33280K, 100% used [0x00000000d5780000,0x00000000d7800000,0x00000000d7800000)
  from space 5120K, 0% used [0x00000000d7d00000,0x00000000d7d00000,0x00000000d8200000)
  to   space 5120K, 0% used [0x00000000d7800000,0x00000000d7800000,0x00000000d7d00000)
 ParOldGen       total 87552K, used 0K [0x0000000080600000, 0x0000000085b80000, 0x00000000d5780000)
  object space 87552K, 0% used [0x0000000080600000,0x0000000080600000,0x0000000085b80000)
 Metaspace       used 18070K, capacity 18216K, committed 18432K, reserved 1064960K
  class space    used 2214K, capacity 2274K, committed 2304K, reserved 1048576K
Event: 8.532 GC heap after
Heap after GC invocations=1 (full 0):
 PSYoungGen      total 38400K, used 4409K [0x00000000d5780000, 0x00000000d8200000, 0x0000000100000000)
  eden space 33280K, 0% used [0x00000000d5780000,0x00000000d5780000,0x00000000d7800000)
  from space 5120K, 86% used [0x00000000d7800000,0x00000000d7c4e750,0x00000000d7d00000)
  to   space 5120K, 0% used [0x00000000d7d00000,0x00000000d7d00000,0x00000000d8200000)
 ParOldGen       total 87552K, used 32K [0x0000000080600000, 0x0000000085b80000, 0x00000000d5780000)
  object space 87552K, 0% used [0x0000000080600000,0x0000000080608000,0x0000000085b80000)
 Metaspace       used 18070K, capacity 18216K, committed 18432K, reserved 1064960K
  class space    used 2214K, capacity 2274K, committed 2304K, reserved 1048576K
}

Deoptimization events (7 events):
Event: 0.317 Thread 0x000000005bbc5000 Uncommon trap: reason=class_check action=maybe_recompile pc=0x00000000028e3158 method=java.lang.String.equals(Ljava/lang/Object;)Z @ 8
Event: 0.317 Thread 0x000000005bbc5000 Uncommon trap: reason=class_check action=maybe_recompile pc=0x00000000028e3158 method=java.lang.String.equals(Ljava/lang/Object;)Z @ 8
Event: 0.317 Thread 0x000000005bbc5000 Uncommon trap: reason=class_check action=maybe_recompile pc=0x00000000028e3158 method=java.lang.String.equals(Ljava/lang/Object;)Z @ 8
Event: 0.334 Thread 0x000000005bbc5000 Uncommon trap: reason=class_check action=maybe_recompile pc=0x00000000028e3158 method=java.lang.String.equals(Ljava/lang/Object;)Z @ 8
Event: 0.345 Thread 0x000000005bbc5000 Uncommon trap: reason=unreached action=reinterpret pc=0x0000000002938a70 method=java.util.HashMap.putVal(ILjava/lang/Object;Ljava/lang/Object;ZZ)Ljava/lang/Object; @ 109
Event: 0.345 Thread 0x000000005bbc5000 Uncommon trap: reason=unreached action=reinterpret pc=0x000000000293bd9c method=java.util.HashMap.putVal(ILjava/lang/Object;Ljava/lang/Object;ZZ)Ljava/lang/Object; @ 109
Event: 1.885 Thread 0x000000005bbc5000 Uncommon trap: reason=unreached action=reinterpret pc=0x0000000002a706e8 method=javax.swing.JComponent.getClientProperty(Ljava/lang/Object;)Ljava/lang/Object; @ 16

Internal exceptions (10 events):
Event: 8.563 Thread 0x000000005bbc5000 Exception <a 'java/security/PrivilegedActionException'> (0x00000000d5c14348) thrown at [D:\re\workspace\8-2-build-windows-amd64-cygwin\jdk8u25\1677\hotspot\src\share\vm\prims\jvm.cpp, line 1312]
Event: 8.564 Thread 0x000000005bbc5000 Exception <a 'java/security/PrivilegedActionException'> (0x00000000d5c19828) thrown at [D:\re\workspace\8-2-build-windows-amd64-cygwin\jdk8u25\1677\hotspot\src\share\vm\prims\jvm.cpp, line 1312]
Event: 8.564 Thread 0x000000005bbc5000 Exception <a 'java/security/PrivilegedActionException'> (0x00000000d5c1e4d8) thrown at [D:\re\workspace\8-2-build-windows-amd64-cygwin\jdk8u25\1677\hotspot\src\share\vm\prims\jvm.cpp, line 1312]
Event: 8.564 Thread 0x000000005bbc5000 Exception <a 'java/security/PrivilegedActionException'> (0x00000000d5c24060) thrown at [D:\re\workspace\8-2-build-windows-amd64-cygwin\jdk8u25\1677\hotspot\src\share\vm\prims\jvm.cpp, line 1312]
Event: 8.564 Thread 0x000000005bbc5000 Exception <a 'java/security/PrivilegedActionException'> (0x00000000d5c28738) thrown at [D:\re\workspace\8-2-build-windows-amd64-cygwin\jdk8u25\1677\hotspot\src\share\vm\prims\jvm.cpp, line 1312]
Event: 8.565 Thread 0x000000005bbc5000 Exception <a 'java/security/PrivilegedActionException'> (0x00000000d5c30078) thrown at [D:\re\workspace\8-2-build-windows-amd64-cygwin\jdk8u25\1677\hotspot\src\share\vm\prims\jvm.cpp, line 1312]
Event: 8.565 Thread 0x000000005bbc5000 Exception <a 'java/security/PrivilegedActionException'> (0x00000000d5c35200) thrown at [D:\re\workspace\8-2-build-windows-amd64-cygwin\jdk8u25\1677\hotspot\src\share\vm\prims\jvm.cpp, line 1312]
Event: 8.565 Thread 0x000000005bbc5000 Exception <a 'java/security/PrivilegedActionException'> (0x00000000d5c3a2a8) thrown at [D:\re\workspace\8-2-build-windows-amd64-cygwin\jdk8u25\1677\hotspot\src\share\vm\prims\jvm.cpp, line 1312]
Event: 8.566 Thread 0x000000005bbc5000 Exception <a 'java/security/PrivilegedActionException'> (0x00000000d5c41040) thrown at [D:\re\workspace\8-2-build-windows-amd64-cygwin\jdk8u25\1677\hotspot\src\share\vm\prims\jvm.cpp, line 1312]
Event: 8.621 Thread 0x000000005bbc5000 Exception <a 'java/security/PrivilegedActionException'> (0x00000000d61c7cd8) thrown at [D:\re\workspace\8-2-build-windows-amd64-cygwin\jdk8u25\1677\hotspot\src\share\vm\prims\jvm.cpp, line 1312]

Events (10 events):
Event: 8.599 loading class java/lang/AssertionError
Event: 8.599 loading class java/lang/AssertionError done
Event: 8.621 loading class org/bytedeco/javacpp/annotation/Opaque
Event: 8.621 loading class org/bytedeco/javacpp/annotation/Opaque done
Event: 8.626 Thread 0x000000005bbc5000 DEOPT PACKING pc=0x0000000002d20fce sp=0x000000005cd0bb90
Event: 8.626 Thread 0x000000005bbc5000 DEOPT UNPACKING pc=0x00000000027575bf sp=0x000000005cd0b9d8 mode 0
Event: 8.646 Thread 0x000000005bbc5000 DEOPT PACKING pc=0x0000000002d56994 sp=0x000000005cd0bc10
Event: 8.646 Thread 0x000000005bbc5000 DEOPT UNPACKING pc=0x00000000027575bf sp=0x000000005cd0b9d0 mode 0
Event: 8.652 Thread 0x000000005bbc5000 DEOPT PACKING pc=0x0000000002d20fce sp=0x000000005cd0bb80
Event: 8.652 Thread 0x000000005bbc5000 DEOPT UNPACKING pc=0x00000000027575bf sp=0x000000005cd0b9c8 mode 0


Dynamic libraries:
0x000000013fb60000 - 0x000000013fb94000 	C:\Program Files\Java\jdk1.8.0_25\bin\java.exe
0x0000000077a20000 - 0x0000000077bc9000 	C:\Windows\SYSTEM32\ntdll.dll
0x00000000776b0000 - 0x00000000777cf000 	C:\Windows\system32\kernel32.dll
0x000007fefe160000 - 0x000007fefe1cb000 	C:\Windows\system32\KERNELBASE.dll
0x000007fefe670000 - 0x000007fefe74b000 	C:\Windows\system32\ADVAPI32.dll
0x000007fefe5d0000 - 0x000007fefe66f000 	C:\Windows\system32\msvcrt.dll
0x000007feff570000 - 0x000007feff58f000 	C:\Windows\SYSTEM32\sechost.dll
0x000007feffb20000 - 0x000007feffc4d000 	C:\Windows\system32\RPCRT4.dll
0x0000000077920000 - 0x0000000077a1a000 	C:\Windows\system32\USER32.dll
0x000007fefe480000 - 0x000007fefe4e7000 	C:\Windows\system32\GDI32.dll
0x000007fefe7d0000 - 0x000007fefe7de000 	C:\Windows\system32\LPK.dll
0x000007feff590000 - 0x000007feff659000 	C:\Windows\system32\USP10.dll
0x000007fefc7f0000 - 0x000007fefc9e4000 	C:\Windows\WinSxS\amd64_microsoft.windows.common-controls_6595b64144ccf1df_6.0.7601.17514_none_fa396087175ac9ac\COMCTL32.dll
0x000007fefe750000 - 0x000007fefe7c1000 	C:\Windows\system32\SHLWAPI.dll
0x000007fefe450000 - 0x000007fefe47e000 	C:\Windows\system32\IMM32.DLL
0x000007feff800000 - 0x000007feff909000 	C:\Windows\system32\MSCTF.dll
0x00000000589b0000 - 0x0000000058a82000 	C:\Program Files\Java\jdk1.8.0_25\jre\bin\msvcr100.dll
0x00000000575f0000 - 0x0000000057e4a000 	C:\Program Files\Java\jdk1.8.0_25\jre\bin\server\jvm.dll
0x000007fef3910000 - 0x000007fef3919000 	C:\Windows\system32\WSOCK32.dll
0x000007feff710000 - 0x000007feff75d000 	C:\Windows\system32\WS2_32.dll
0x000007feff660000 - 0x000007feff668000 	C:\Windows\system32\NSI.dll
0x000007fefb6b0000 - 0x000007fefb6eb000 	C:\Windows\system32\WINMM.dll
0x0000000077bf0000 - 0x0000000077bf7000 	C:\Windows\system32\PSAPI.DLL
0x00000000617f0000 - 0x00000000617ff000 	C:\Program Files\Java\jdk1.8.0_25\jre\bin\verify.dll
0x0000000061450000 - 0x0000000061478000 	C:\Program Files\Java\jdk1.8.0_25\jre\bin\java.dll
0x00000000613e0000 - 0x00000000613f6000 	C:\Program Files\Java\jdk1.8.0_25\jre\bin\zip.dll
0x000007fefe7e0000 - 0x000007feff568000 	C:\Windows\system32\SHELL32.dll
0x000007feff910000 - 0x000007feffb13000 	C:\Windows\system32\ole32.dll
0x000007fefde80000 - 0x000007fefde8f000 	C:\Windows\system32\profapi.dll
0x000000005b8f0000 - 0x000000005ba88000 	C:\Program Files\Java\jdk1.8.0_25\jre\bin\awt.dll
0x000007feffc50000 - 0x000007feffd27000 	C:\Windows\system32\OLEAUT32.dll
0x000007fefc610000 - 0x000007fefc666000 	C:\Windows\system32\uxtheme.dll
0x000007fefc1e0000 - 0x000007fefc1f8000 	C:\Windows\system32\dwmapi.dll
0x000007fefdd50000 - 0x000007fefdd5f000 	C:\Windows\system32\CRYPTBASE.dll
0x00000000021d0000 - 0x0000000002217000 	C:\Program Files\Java\jdk1.8.0_25\jre\bin\fontmanager.dll
0x000007fee88b0000 - 0x000007fee8aaf000 	C:\Windows\system32\d3d9.dll
0x000007fefcf70000 - 0x000007fefcf7c000 	C:\Windows\system32\VERSION.dll
0x000007fef9320000 - 0x000007fef9327000 	C:\Windows\system32\d3d8thk.dll
0x000007feda490000 - 0x000007fedb389000 	C:\Windows\system32\nvd3dumx.dll
0x000007fef1700000 - 0x000007fef18cc000 	C:\Windows\system32\nvspcap64.dll
0x000007fefe270000 - 0x000007fefe447000 	C:\Windows\system32\SETUPAPI.dll
0x000007fefe210000 - 0x000007fefe246000 	C:\Windows\system32\CFGMGR32.dll
0x000007fefdf30000 - 0x000007fefdf4a000 	C:\Windows\system32\DEVOBJ.dll
0x000007fef49d0000 - 0x000007fef4a41000 	C:\Windows\system32\WINHTTP.dll
0x000007fef4960000 - 0x000007fef49c4000 	C:\Windows\system32\webio.dll
0x000007fefd100000 - 0x000007fefd111000 	C:\Windows\system32\WTSAPI32.dll
0x000007fefa480000 - 0x000007fefa813000 	C:\Windows\system32\nvapi64.dll
0x000007fefb8c0000 - 0x000007fefb8ec000 	C:\Windows\system32\powrprof.dll
0x000007feeb4d0000 - 0x000007feeb5b0000 	C:\Program Files (x86)\NVIDIA Corporation\3D Vision\nvSCPAPI64.dll
0x0000000060ff0000 - 0x000000006100a000 	C:\Program Files\Java\jdk1.8.0_25\jre\bin\net.dll
0x000007fefd6b0000 - 0x000007fefd705000 	C:\Windows\system32\mswsock.dll
0x000007fefd6a0000 - 0x000007fefd6a7000 	C:\Windows\System32\wship6.dll
0x0000000002250000 - 0x0000000002261000 	C:\Program Files\Java\jdk1.8.0_25\jre\bin\nio.dll
0x0000000002370000 - 0x00000000023b1000 	C:\Program Files\Java\jdk1.8.0_25\jre\bin\t2k.dll
0x000007fef8670000 - 0x000007fef8710000 	C:\Windows\WinSxS\amd64_microsoft.windows.common-controls_6595b64144ccf1df_5.82.7601.17514_none_a4d6a923711520a9\comctl32.dll
0x000007feff670000 - 0x000007feff709000 	C:\Windows\system32\CLBCatQ.DLL
0x000007fefc670000 - 0x000007fefc79c000 	C:\Windows\system32\propsys.dll
0x000007fefcce0000 - 0x000007fefcd0d000 	C:\Windows\system32\ntmarta.dll
0x000007fefe570000 - 0x000007fefe5c2000 	C:\Windows\system32\WLDAP32.dll
0x000007fefde00000 - 0x000007fefde57000 	C:\Windows\system32\apphelp.dll
0x000007fef1330000 - 0x000007fef14cc000 	C:\Windows\system32\NetworkExplorer.dll
0x000007fefc260000 - 0x000007fefc294000 	C:\Windows\System32\shdocvw.dll
0x000007fefb560000 - 0x000007fefb56b000 	C:\Windows\system32\slc.dll
0x000007fef3a10000 - 0x000007fef3a28000 	C:\Windows\system32\MPR.dll
0x000007fefcb50000 - 0x000007fefcb5a000 	C:\Windows\System32\drprov.dll
0x000007fefdcb0000 - 0x000007fefdced000 	C:\Windows\System32\WINSTA.dll
0x000007fef12a0000 - 0x000007fef12c2000 	C:\Windows\System32\ntlanman.dll
0x000007fef9190000 - 0x000007fef91ac000 	C:\Windows\System32\davclnt.dll
0x000007fefad00000 - 0x000007fefad0a000 	C:\Windows\System32\DAVHLPR.dll
0x000007fefbf00000 - 0x000007fefbf15000 	C:\Windows\system32\wkscli.dll
0x000007fef3dc0000 - 0x000007fef3dcf000 	C:\Windows\system32\cscapi.dll
0x000007fefbf20000 - 0x000007fefbf2c000 	C:\Windows\system32\netutils.dll
0x000007fee16e0000 - 0x000007fee1951000 	C:\Windows\system32\wpdshext.dll
0x000007fefc3f0000 - 0x000007fefc606000 	C:\Windows\WinSxS\amd64_microsoft.windows.gdiplus_6595b64144ccf1df_1.1.7601.17825_none_2b253c8271ec7765\gdiplus.dll
0x000007fefbc00000 - 0x000007fefbcbd000 	C:\Windows\system32\PortableDeviceApi.dll
0x000007fefe1d0000 - 0x000007fefe209000 	C:\Windows\system32\WINTRUST.dll
0x000007fefdff0000 - 0x000007fefe15a000 	C:\Windows\system32\CRYPT32.dll
0x000007fefdf20000 - 0x000007fefdf2f000 	C:\Windows\system32\MSASN1.dll
0x000007fefcc00000 - 0x000007fefcc35000 	C:\Windows\system32\EhStorShell.dll
0x000007fef10b0000 - 0x000007fef10d7000 	C:\Windows\system32\EhStorAPI.dll
0x000007fef39f0000 - 0x000007fef39fc000 	C:\Windows\system32\LINKINFO.dll
0x0000000012650000 - 0x000000001267a000 	C:\Program Files\Java\jdk1.8.0_25\jre\bin\dcpr.dll
0x000007fefc070000 - 0x000007fefc19a000 	C:\Windows\system32\WindowsCodecs.dll
0x000007fefcc40000 - 0x000007fefccd7000 	C:\ProgramData\MEGAsync\ShellExtX64.dll
0x000007fef9180000 - 0x000007fef9183000 	C:\Windows\system32\api-ms-win-core-synch-l1-2-0.DLL
0x000007fefbdc0000 - 0x000007fefbe80000 	C:\Program Files\Google\Drive\googledrivesync64.dll
0x0000000072af0000 - 0x0000000072bc3000 	C:\Windows\WinSxS\amd64_microsoft.vc90.crt_1fc8b3b9a1e18e3b_9.0.30729.6161_none_08e61857a83bc251\MSVCP90.dll
0x0000000072a40000 - 0x0000000072ae3000 	C:\Windows\WinSxS\amd64_microsoft.vc90.crt_1fc8b3b9a1e18e3b_9.0.30729.6161_none_08e61857a83bc251\MSVCR90.dll
0x000007fef1910000 - 0x000007fef1f82000 	C:\PROGRA~1\MICROS~3\Office14\GROOVEEX.DLL
0x00000000748a0000 - 0x00000000748cf000 	C:\Windows\WinSxS\amd64_microsoft.vc90.atl_1fc8b3b9a1e18e3b_9.0.30729.6161_none_0a1fd3a3a768b895\ATL90.DLL
0x000007fee8ab0000 - 0x000007fee8eca000 	C:\PROGRA~1\COMMON~1\MICROS~1\OFFICE14\Cultures\office.odf
0x000007fefcb80000 - 0x000007fefcbfe000 	C:\Windows\System32\cscui.dll
0x000007fefcb70000 - 0x000007fefcb7c000 	C:\Windows\System32\CSCDLL.dll
0x000007fef1190000 - 0x000007fef1210000 	C:\Windows\system32\ntshrui.dll
0x000007fefda70000 - 0x000007fefda93000 	C:\Windows\system32\srvcli.dll
0x000007feeeb60000 - 0x000007feeebb1000 	C:\Users\Rafael\.javacpp\cache\opencv-windows-x86_64.jar\org\bytedeco\javacpp\windows-x86_64\concrt140.dll
0x000007feea430000 - 0x000007feea4cf000 	C:\Windows\system32\MSVCP140.dll
0x000007fef01e0000 - 0x000007fef01f6000 	C:\Windows\system32\VCRUNTIME140.dll
0x000007fef9b70000 - 0x000007fef9b74000 	C:\Windows\system32\api-ms-win-crt-runtime-l1-1-0.dll
0x000007fee9890000 - 0x000007fee9982000 	C:\Windows\system32\ucrtbase.DLL
0x000007fef9b50000 - 0x000007fef9b53000 	C:\Windows\system32\api-ms-win-core-timezone-l1-1-0.dll
0x000007fef9a20000 - 0x000007fef9a23000 	C:\Windows\system32\api-ms-win-core-file-l2-1-0.dll
0x000007fef9ad0000 - 0x000007fef9ad3000 	C:\Windows\system32\api-ms-win-core-localization-l1-2-0.dll
0x000007fef9460000 - 0x000007fef9463000 	C:\Windows\system32\api-ms-win-core-processthreads-l1-1-1.dll
0x000007fef9720000 - 0x000007fef9723000 	C:\Windows\system32\api-ms-win-core-file-l1-2-0.dll
0x000007fef9440000 - 0x000007fef9444000 	C:\Windows\system32\api-ms-win-crt-string-l1-1-0.dll
0x000007fef9450000 - 0x000007fef9453000 	C:\Windows\system32\api-ms-win-crt-heap-l1-1-0.dll
0x000007fef3ab0000 - 0x000007fef3ab4000 	C:\Windows\system32\api-ms-win-crt-stdio-l1-1-0.dll
0x000007fef9330000 - 0x000007fef9334000 	C:\Windows\system32\api-ms-win-crt-convert-l1-1-0.dll
0x000007fef1210000 - 0x000007fef1213000 	C:\Windows\system32\api-ms-win-crt-locale-l1-1-0.dll
0x000007fef1290000 - 0x000007fef1295000 	C:\Windows\system32\api-ms-win-crt-math-l1-1-0.dll
0x000007fef0e20000 - 0x000007fef0e25000 	C:\Windows\system32\api-ms-win-crt-multibyte-l1-1-0.dll
0x000007fef10a0000 - 0x000007fef10a3000 	C:\Windows\system32\api-ms-win-crt-time-l1-1-0.dll
0x000007fef00e0000 - 0x000007fef00e3000 	C:\Windows\system32\api-ms-win-crt-filesystem-l1-1-0.dll
0x000007fef02e0000 - 0x000007fef02e3000 	C:\Windows\system32\api-ms-win-crt-environment-l1-1-0.dll
0x000007feeeb50000 - 0x000007feeeb53000 	C:\Windows\system32\api-ms-win-crt-utility-l1-1-0.dll
0x000007feea0b0000 - 0x000007feea14d000 	C:\Users\Rafael\.javacpp\cache\opencv-windows-x86_64.jar\org\bytedeco\javacpp\windows-x86_64\msvcp140.dll
0x000007feed590000 - 0x000007feed5a7000 	C:\Users\Rafael\.javacpp\cache\opencv-windows-x86_64.jar\org\bytedeco\javacpp\windows-x86_64\vcruntime140.dll
0x000007feeeb40000 - 0x000007feeeb43000 	C:\Users\Rafael\.javacpp\cache\opencv-windows-x86_64.jar\org\bytedeco\javacpp\windows-x86_64\api-ms-win-crt-locale-l1-1-0.dll
0x000007feed1d0000 - 0x000007feed1d4000 	C:\Users\Rafael\.javacpp\cache\opencv-windows-x86_64.jar\org\bytedeco\javacpp\windows-x86_64\api-ms-win-crt-string-l1-1-0.dll
0x000007feed1c0000 - 0x000007feed1c4000 	C:\Users\Rafael\.javacpp\cache\opencv-windows-x86_64.jar\org\bytedeco\javacpp\windows-x86_64\api-ms-win-crt-stdio-l1-1-0.dll
0x000007feecda0000 - 0x000007feecda5000 	C:\Users\Rafael\.javacpp\cache\opencv-windows-x86_64.jar\org\bytedeco\javacpp\windows-x86_64\api-ms-win-crt-math-l1-1-0.dll
0x000007feecd90000 - 0x000007feecd93000 	C:\Users\Rafael\.javacpp\cache\opencv-windows-x86_64.jar\org\bytedeco\javacpp\windows-x86_64\api-ms-win-crt-heap-l1-1-0.dll
0x000007feec270000 - 0x000007feec274000 	C:\Users\Rafael\.javacpp\cache\opencv-windows-x86_64.jar\org\bytedeco\javacpp\windows-x86_64\api-ms-win-crt-runtime-l1-1-0.dll
0x000007feec260000 - 0x000007feec264000 	C:\Users\Rafael\.javacpp\cache\opencv-windows-x86_64.jar\org\bytedeco\javacpp\windows-x86_64\api-ms-win-crt-convert-l1-1-0.dll
0x000007feec250000 - 0x000007feec253000 	C:\Users\Rafael\.javacpp\cache\opencv-windows-x86_64.jar\org\bytedeco\javacpp\windows-x86_64\api-ms-win-crt-environment-l1-1-0.dll
0x000007feec240000 - 0x000007feec243000 	C:\Users\Rafael\.javacpp\cache\opencv-windows-x86_64.jar\org\bytedeco\javacpp\windows-x86_64\api-ms-win-crt-time-l1-1-0.dll
0x000007feec230000 - 0x000007feec233000 	C:\Users\Rafael\.javacpp\cache\opencv-windows-x86_64.jar\org\bytedeco\javacpp\windows-x86_64\api-ms-win-crt-filesystem-l1-1-0.dll

VM Arguments:
jvm_args: -Dfile.encoding=UTF-8 
java_command: tarea3.MainInterface
java_class_path (initial): C:\Users\Rafael\Downloads\UCV\Semestre 2017-2\Procesamiento Digital de Imágenes\Tareas\Tarea2\Tarea3\jar\javacpp.jar;C:\Users\Rafael\Downloads\UCV\Semestre 2017-2\Procesamiento Digital de Imágenes\Tareas\Tarea2\Tarea3\jar\javacv-platform.jar;C:\Users\Rafael\Downloads\UCV\Semestre 2017-2\Procesamiento Digital de Imágenes\Tareas\Tarea2\Tarea3\jar\javacv.jar;C:\Users\Rafael\Downloads\UCV\Semestre 2017-2\Procesamiento Digital de Imágenes\Tareas\Tarea2\Tarea3\jar\opencv-platform.jar;C:\Users\Rafael\Downloads\UCV\Semestre 2017-2\Procesamiento Digital de Imágenes\Tareas\Tarea2\Tarea3\jar\opencv-windows-x86.jar;C:\Users\Rafael\Downloads\UCV\Semestre 2017-2\Procesamiento Digital de Imágenes\Tareas\Tarea2\Tarea3\jar\opencv.jar;C:\Users\Rafael\Downloads\UCV\Semestre 2017-2\Procesamiento Digital de Imágenes\Tareas\Tarea2\Tarea3\jar\opencv-windows-x86_64.jar;C:\Users\Rafael\Downloads\UCV\Semestre 2017-2\Procesamiento Digital de Imágenes\Tareas\Tarea2\Tarea3\build\classes
Launcher Type: SUN_STANDARD

Environment Variables:
JAVA_HOME=C:\Program Files\Java\jdk1.8.0_25
PATH=C:\oraclexe\app\oracle\product\11.2.0\server\bin;C:\Program Files\MiKTeX 2.9\miktex\bin\x64\;C:\Program Files (x86)\Skype\Phone\;C:\Windows\system32
USERNAME=Rafael
OS=Windows_NT
PROCESSOR_IDENTIFIER=Intel64 Family 6 Model 58 Stepping 9, GenuineIntel



---------------  S Y S T E M  ---------------

OS: Windows 7 , 64 bit Build 7601 Service Pack 1

CPU:total 8 (4 cores per cpu, 2 threads per core) family 6 model 58 stepping 9, cmov, cx8, fxsr, mmx, sse, sse2, sse3, ssse3, sse4.1, sse4.2, popcnt, avx, aes, clmul, erms, ht, tsc, tscinvbit, tscinv

Memory: 4k page, physical 8358308k(824336k free), swap 16714752k(6709840k free)

vm_info: Java HotSpot(TM) 64-Bit Server VM (25.25-b02) for windows-amd64 JRE (1.8.0_25-b18), built on Oct  7 2014 14:25:37 by "java_re" with MS VC++ 10.0 (VS2010)

time: Tue May 08 17:37:20 2018
elapsed time: 8 seconds (0d 0h 0m 8s)

